****************************************************************************************
This is a development tool for Scully applications.
You can ignore the warning (TLS) or run scully with --no-warning
****************************************************************************************





****************************************************************************************
This is a development tool for Scully applications.
You can ignore the warning (TLS) or run scully with --no-warning
****************************************************************************************
Route "[33m/how-do-i-access-it[39m" not provided by angular app
Route "[33m/faq[39m" not provided by angular app
Route "[33m/is-it-free[39m" not provided by angular app
Route "[33m/a-new-way[39m" not provided by angular app
Route "[33m/disclosure[39m" not provided by angular app
Route "[33m/how-do-i-use-it[39m" not provided by angular app
Route "[33m/404[39m" not provided by angular app
Route "[33m/breaking-news[39m" not provided by angular app
Route "[33m/cookie-policy[39m" not provided by angular app
Route "[33m/privacy-policy[39m" not provided by angular app
Route "[33m/10-steps[39m" not provided by angular app
Route "[33m/where-does-it-come-from[39m" not provided by angular app
Route "[33m/why-do-we-use-it[39m" not provided by angular app
Route "[33m/about[39m" not provided by angular app
Received Kill command





****************************************************************************************
This is a development tool for Scully applications.
You can ignore the warning (TLS) or run scully with --no-warning
****************************************************************************************
Route "[33m/404[39m" not provided by angular app
Route "[33m/cookie-policy[39m" not provided by angular app
Route "[33m/how-do-i-access-it[39m" not provided by angular app
Route "[33m/disclosure[39m" not provided by angular app
Route "[33m/is-it-free[39m" not provided by angular app
Route "[33m/how-do-i-use-it[39m" not provided by angular app
Route "[33m/breaking-news[39m" not provided by angular app
Route "[33m/faq[39m" not provided by angular app
Route "[33m/privacy-policy[39m" not provided by angular app
Route "[33m/10-steps[39m" not provided by angular app
Route "[33m/a-new-way[39m" not provided by angular app
Route "[33m/why-do-we-use-it[39m" not provided by angular app
Route "[33m/about[39m" not provided by angular app
Route "[33m/where-does-it-come-from[39m" not provided by angular app
Received Kill command








****************************************************************************************
This is a development tool for Scully applications.
You can ignore the warning (TLS) or run scully with --no-warning
****************************************************************************************
Route "[33m/how-do-i-access-it[39m" not provided by angular app
Route "[33m/faq[39m" not provided by angular app
Route "[33m/404[39m" not provided by angular app
Route "[33m/is-it-free[39m" not provided by angular app
Route "[33m/how-do-i-use-it[39m" not provided by angular app
Route "[33m/disclosure[39m" not provided by angular app
Route "[33m/breaking-news[39m" not provided by angular app
Route "[33m/10-steps[39m" not provided by angular app
Route "[33m/a-new-way[39m" not provided by angular app
Route "[33m/cookie-policy[39m" not provided by angular app
Route "[33m/privacy-policy[39m" not provided by angular app
Route "[33m/about[39m" not provided by angular app
Route "[33m/where-does-it-come-from[39m" not provided by angular app
Route "[33m/why-do-we-use-it[39m" not provided by angular app
Received Kill command








****************************************************************************************
This is a development tool for Scully applications.
You can ignore the warning (TLS) or run scully with --no-warning
****************************************************************************************



****************************************************************************************
This is a development tool for Scully applications.
You can ignore the warning (TLS) or run scully with --no-warning
****************************************************************************************

----------------------------------
Using stored unhandled routes!.
   To discover new routes in the angular app use "[33mnpm run scully -- --scanRoutes[39m"
----------------------------------****************************************************************************************
This is a development tool for Scully applications.
You can ignore the warning (TLS) or run scully with --no-warning
****************************************************************************************


----------------------------------
Using stored unhandled routes!.
   To discover new routes in the angular app use "[33mnpm run scully -- --scanRoutes[39m"
----------------------------------****************************************************************************************
This is a development tool for Scully applications.
You can ignore the warning (TLS) or run scully with --no-warning
****************************************************************************************

Received Kill command

----------------------------------
Using stored unhandled routes!.
   To discover new routes in the angular app use "[33mnpm run scully -- --scanRoutes[39m"
----------------------------------****************************************************************************************
This is a development tool for Scully applications.
You can ignore the warning (TLS) or run scully with --no-warning
****************************************************************************************

